<?xml version="1.0" encoding="UTF-8"?>
<!-- Generated by org.testng.reporters.JUnitReportReporter -->
<testsuite hostname="AGI-LT-2285" failures="0" tests="5" name="org.sachin.stringManipulation.lib.StringReverserTest" time="0.009" errors="0" timestamp="2025-11-21T13:02:45 IST" skipped="0">
  <testcase classname="org.sachin.stringManipulation.lib.StringReverserTest" name="testStringReverser" time="0.001"/>
  <testcase classname="org.sachin.stringManipulation.lib.StringReverserTest" name="testStringReverser" time="0.001"/>
  <testcase classname="org.sachin.stringManipulation.lib.StringReverserTest" name="testStringReverser" time="0.000"/>
  <testcase classname="org.sachin.stringManipulation.lib.StringReverserTest" name="testStringReverser" time="0.000"/>
  <testcase classname="org.sachin.stringManipulation.lib.StringReverserTest" name="testStringReverser" time="0.007"/>
</testsuite> <!-- org.sachin.stringManipulation.lib.StringReverserTest -->
