<?xml version="1.0" encoding="UTF-8"?>
<!-- Generated by org.testng.reporters.JUnitXMLReporter -->
<testsuite ignored="0" hostname="AGI-LT-2285" failures="0" tests="5" name="string-manipulation" time="0.108" errors="0" timestamp="2025-11-21T13:02:45 IST">
  <testcase classname="org.sachin.stringManipulation.lib.StringReverserTest" name="testStringReverser" time="0.007"/>
  <testcase classname="org.sachin.stringManipulation.lib.StringReverserTest" name="testStringReverser" time="0.001"/>
  <testcase classname="org.sachin.stringManipulation.lib.StringReverserTest" name="testStringReverser" time="0.0"/>
  <testcase classname="org.sachin.stringManipulation.lib.StringReverserTest" name="testStringReverser" time="0.0"/>
  <testcase classname="org.sachin.stringManipulation.lib.StringReverserTest" name="testStringReverser" time="0.001"/>
</testsuite> <!-- string-manipulation -->
